<?xml version="1.0" encoding="UTF-8"?>
<!-- Generated by org.testng.reporters.JUnitReportReporter -->
<testsuite hostname="DESKTOP-40KB4FT" name="com.appium.redmi.Amazon" tests="1" failures="0" timestamp="5 Mar 2021 12:42:29 GMT" time="18.185" errors="0">
  <testcase name="sample" time="18.185" classname="com.appium.redmi.Amazon"/>
</testsuite> <!-- com.appium.redmi.Amazon -->
