<?xml version="1.0" encoding="UTF-8"?>
<!-- Generated by org.testng.reporters.JUnitReportReporter -->
<testsuite hostname="DESKTOP-40KB4FT" name="com.appium.redmi.Toastmsg2" tests="1" failures="0" timestamp="10 Mar 2021 07:54:49 GMT" time="25.848" errors="1">
  <testcase name="generalstore" time="25.848" classname="com.appium.redmi.Toastmsg2">
    <error type="org.openqa.selenium.UnsupportedCommandException" message="The requested resource could not be found, or a request was received using an HTTP method that is not supported by the mapped resource (WARNING: The server did not provide any stacktrace information)
Command duration or timeout: 100 milliseconds
Build info: version: &#039;2.53.1&#039;, revision: &#039;a36b8b1cd5757287168e54b817830adce9b0158d&#039;, time: &#039;2016-06-30 19:26:09&#039;
System info: host: &#039;DESKTOP-40KB4FT&#039;, ip: &#039;192.168.43.4&#039;, os.name: &#039;Windows 10&#039;, os.arch: &#039;amd64&#039;, os.version: &#039;10.0&#039;, java.version: &#039;1.8.0_271&#039;
Driver info: io.appium.java_client.android.AndroidDriver
Capabilities [{appPackage=com.androidsample.generalstore, statBarHeight=55, noReset=true, viewportRect={top=55, left=0, width=720, height=1314}, deviceName=0ff8f25c0806, UDID=0ff8f25c0806, platform=LINUX, deviceUDID=0ff8f25c0806, desired={appPackage=com.androidsample.generalstore, appActivity=.SplashActivity, noReset=true, platformVersion=9.0, automationName=Appium, platformName=Android, deviceName=null, UDID=0ff8f25c0806}, platformVersion=9, webStorageEnabled=false, automationName=Appium, takesScreenshot=true, javascriptEnabled=true, platformName=Android, deviceApiLevel=28, deviceManufacturer=Xiaomi, deviceScreenSize=720x1520, networkConnectionEnabled=true, warnings={}, databaseEnabled=false, appActivity=.SplashActivity, pixelRatio=2, locationContextEnabled=false, deviceScreenDensity=320, deviceModel=Redmi 8A Dual}]
Session ID: a7d222f9-8b9b-4170-957a-89a3ab34cfe1">
      <![CDATA[org.openqa.selenium.UnsupportedCommandException: The requested resource could not be found, or a request was received using an HTTP method that is not supported by the mapped resource (WARNING: The server did not provide any stacktrace information)
Command duration or timeout: 100 milliseconds
Build info: version: '2.53.1', revision: 'a36b8b1cd5757287168e54b817830adce9b0158d', time: '2016-06-30 19:26:09'
System info: host: 'DESKTOP-40KB4FT', ip: '192.168.43.4', os.name: 'Windows 10', os.arch: 'amd64', os.version: '10.0', java.version: '1.8.0_271'
Driver info: io.appium.java_client.android.AndroidDriver
Capabilities [{appPackage=com.androidsample.generalstore, statBarHeight=55, noReset=true, viewportRect={top=55, left=0, width=720, height=1314}, deviceName=0ff8f25c0806, UDID=0ff8f25c0806, platform=LINUX, deviceUDID=0ff8f25c0806, desired={appPackage=com.androidsample.generalstore, appActivity=.SplashActivity, noReset=true, platformVersion=9.0, automationName=Appium, platformName=Android, deviceName=null, UDID=0ff8f25c0806}, platformVersion=9, webStorageEnabled=false, automationName=Appium, takesScreenshot=true, javascriptEnabled=true, platformName=Android, deviceApiLevel=28, deviceManufacturer=Xiaomi, deviceScreenSize=720x1520, networkConnectionEnabled=true, warnings={}, databaseEnabled=false, appActivity=.SplashActivity, pixelRatio=2, locationContextEnabled=false, deviceScreenDensity=320, deviceModel=Redmi 8A Dual}]
Session ID: a7d222f9-8b9b-4170-957a-89a3ab34cfe1
	at sun.reflect.NativeConstructorAccessorImpl.newInstance0(Native Method)
	at sun.reflect.NativeConstructorAccessorImpl.newInstance(Unknown Source)
	at sun.reflect.DelegatingConstructorAccessorImpl.newInstance(Unknown Source)
	at java.lang.reflect.Constructor.newInstance(Unknown Source)
	at org.openqa.selenium.remote.ErrorHandler.createThrowable(ErrorHandler.java:206)
	at org.openqa.selenium.remote.ErrorHandler.throwIfResponseFailed(ErrorHandler.java:158)
	at org.openqa.selenium.remote.RemoteWebDriver.execute(RemoteWebDriver.java:678)
	at io.appium.java_client.DefaultGenericMobileDriver.execute(DefaultGenericMobileDriver.java:40)
	at io.appium.java_client.AppiumDriver.execute(AppiumDriver.java:1)
	at io.appium.java_client.android.AndroidDriver.execute(AndroidDriver.java:1)
	at org.openqa.selenium.remote.RemoteWebElement.execute(RemoteWebElement.java:327)
	at io.appium.java_client.DefaultGenericMobileElement.execute(DefaultGenericMobileElement.java:33)
	at io.appium.java_client.MobileElement.execute(MobileElement.java:1)
	at io.appium.java_client.android.AndroidElement.execute(AndroidElement.java:1)
	at org.openqa.selenium.remote.RemoteWebElement.getCssValue(RemoteWebElement.java:184)
	at io.appium.java_client.DefaultGenericMobileElement.getCssValue(DefaultGenericMobileElement.java:153)
	at io.appium.java_client.MobileElement.getCssValue(MobileElement.java:1)
	at io.appium.java_client.android.AndroidElement.getCssValue(AndroidElement.java:1)
	at com.appium.redmi.Toastmsg2.generalstore(Toastmsg2.java:31)
	at sun.reflect.NativeMethodAccessorImpl.invoke0(Native Method)
	at sun.reflect.NativeMethodAccessorImpl.invoke(Unknown Source)
	at sun.reflect.DelegatingMethodAccessorImpl.invoke(Unknown Source)
	at java.lang.reflect.Method.invoke(Unknown Source)
	at org.testng.internal.MethodInvocationHelper.invokeMethod(MethodInvocationHelper.java:100)
	at org.testng.internal.Invoker.invokeMethod(Invoker.java:646)
	at org.testng.internal.Invoker.invokeTestMethod(Invoker.java:811)
	at org.testng.internal.Invoker.invokeTestMethods(Invoker.java:1129)
	at org.testng.internal.TestMethodWorker.invokeTestMethods(TestMethodWorker.java:129)
	at org.testng.internal.TestMethodWorker.run(TestMethodWorker.java:112)
	at org.testng.TestRunner.privateRun(TestRunner.java:746)
	at org.testng.TestRunner.run(TestRunner.java:600)
	at org.testng.SuiteRunner.runTest(SuiteRunner.java:366)
	at org.testng.SuiteRunner.runSequentially(SuiteRunner.java:361)
	at org.testng.SuiteRunner.privateRun(SuiteRunner.java:319)
	at org.testng.SuiteRunner.run(SuiteRunner.java:268)
	at org.testng.SuiteRunnerWorker.runSuite(SuiteRunnerWorker.java:52)
	at org.testng.SuiteRunnerWorker.run(SuiteRunnerWorker.java:86)
	at org.testng.TestNG.runSuitesSequentially(TestNG.java:1264)
	at org.testng.TestNG.runSuitesLocally(TestNG.java:1189)
	at org.testng.TestNG.runSuites(TestNG.java:1104)
	at org.testng.TestNG.run(TestNG.java:1076)
	at org.testng.remote.AbstractRemoteTestNG.run(AbstractRemoteTestNG.java:126)
	at org.testng.remote.RemoteTestNG.initAndRun(RemoteTestNG.java:152)
	at org.testng.remote.RemoteTestNG.main(RemoteTestNG.java:57)
]]>
    </error>
  </testcase> <!-- generalstore -->
</testsuite> <!-- com.appium.redmi.Toastmsg2 -->
