<?xml version="1.0" encoding="UTF-8"?>
<!-- Generated by org.testng.reporters.JUnitReportReporter -->
<testsuite hostname="DESKTOP-40KB4FT" name="com.appium.redmi.Orientation" tests="1" failures="0" timestamp="8 Mar 2021 18:39:40 GMT" time="17.642" errors="0">
  <testcase name="notification" time="17.642" classname="com.appium.redmi.Orientation"/>
</testsuite> <!-- com.appium.redmi.Orientation -->
