<?xml version="1.0" encoding="UTF-8"?>
<!-- Generated by org.testng.reporters.JUnitReportReporter -->
<testsuite hostname="DESKTOP-40KB4FT" name="com.appium.redmi.Dropdown" tests="1" failures="0" timestamp="8 Mar 2021 07:31:49 GMT" time="51.546" errors="0">
  <testcase name="generalstore" time="51.546" classname="com.appium.redmi.Dropdown"/>
</testsuite> <!-- com.appium.redmi.Dropdown -->
