<?xml version="1.0" encoding="UTF-8"?>
<!-- Generated by org.testng.reporters.JUnitReportReporter -->
<testsuite hostname="DESKTOP-40KB4FT" name="com.appium.redmi.multitouch1" tests="1" failures="0" timestamp="8 Mar 2021 17:21:54 GMT" time="13.840" errors="0">
  <testcase name="touchscreen" time="13.840" classname="com.appium.redmi.multitouch1"/>
</testsuite> <!-- com.appium.redmi.multitouch1 -->
