<?xml version="1.0" encoding="UTF-8"?>
<!-- Generated by org.testng.reporters.JUnitReportReporter -->
<testsuite hostname="DESKTOP-40KB4FT" name="com.appium.redmi.Touchscreentest" tests="1" failures="0" timestamp="8 Mar 2021 05:23:08 GMT" time="21.603" errors="0">
  <testcase name="sample" time="21.603" classname="com.appium.redmi.Touchscreentest"/>
</testsuite> <!-- com.appium.redmi.Touchscreentest -->
