<?xml version="1.0" encoding="UTF-8"?>
<!-- Generated by org.testng.reporters.JUnitReportReporter -->
<testsuite hostname="DESKTOP-40KB4FT" name="com.appium.redmi.Controls" tests="1" failures="0" timestamp="8 Mar 2021 06:53:37 GMT" time="27.526" errors="0">
  <testcase name="api_demos" time="27.526" classname="com.appium.redmi.Controls"/>
</testsuite> <!-- com.appium.redmi.Controls -->
