<?xml version="1.0" encoding="UTF-8"?>
<!-- Generated by org.testng.reporters.JUnitReportReporter -->
<testsuite hostname="DESKTOP-40KB4FT" name="com.appium.redmi.LongPress" tests="1" failures="0" timestamp="5 Mar 2021 09:12:53 GMT" time="16.811" errors="0">
  <testcase name="longprss" time="16.811" classname="com.appium.redmi.LongPress"/>
</testsuite> <!-- com.appium.redmi.LongPress -->
