<?xml version="1.0" encoding="UTF-8"?>
<!-- Generated by org.testng.reporters.JUnitReportReporter -->
<testsuite hostname="DESKTOP-40KB4FT" name="com.appium.redmi.Screenshot" tests="1" failures="0" timestamp="9 Mar 2021 04:43:23 GMT" time="25.738" errors="0">
  <testcase name="spl" time="25.738" classname="com.appium.redmi.Screenshot"/>
</testsuite> <!-- com.appium.redmi.Screenshot -->
