<?xml version="1.0" encoding="UTF-8"?>
<!-- Generated by org.testng.reporters.JUnitReportReporter -->
<testsuite hostname="DESKTOP-40KB4FT" name="com.appium.redmi.Apidemos" tests="1" failures="0" timestamp="5 Mar 2021 11:17:21 GMT" time="20.896" errors="0">
  <testcase name="sample" time="20.896" classname="com.appium.redmi.Apidemos"/>
</testsuite> <!-- com.appium.redmi.Apidemos -->
