<?xml version="1.0" encoding="UTF-8"?>
<!-- Generated by org.testng.reporters.JUnitReportReporter -->
<testsuite hostname="DESKTOP-40KB4FT" name="com.appium.redmi.a" tests="1" failures="0" timestamp="4 Mar 2021 07:52:48 GMT" time="16.094" errors="0">
  <testcase name="sample" time="16.094" classname="com.appium.redmi.a"/>
</testsuite> <!-- com.appium.redmi.a -->
