<?xml version="1.0" encoding="UTF-8"?>
<!-- Generated by org.testng.reporters.JUnitReportReporter -->
<testsuite hostname="DESKTOP-40KB4FT" name="com.appium.redmi.vol_bright" tests="1" failures="0" timestamp="8 Mar 2021 18:31:09 GMT" time="22.420" errors="0">
  <testcase name="generalstore" time="22.420" classname="com.appium.redmi.vol_bright"/>
</testsuite> <!-- com.appium.redmi.vol_bright -->
