<?xml version="1.0" encoding="UTF-8"?>
<!-- Generated by org.testng.reporters.JUnitReportReporter -->
<testsuite hostname="DESKTOP-40KB4FT" name="com.appium.redmi.Runappinbgd" tests="1" failures="0" timestamp="8 Mar 2021 18:37:50 GMT" time="17.638" errors="0">
  <testcase name="run" time="17.638" classname="com.appium.redmi.Runappinbgd"/>
</testsuite> <!-- com.appium.redmi.Runappinbgd -->
