<?xml version="1.0" encoding="UTF-8"?>
<!-- Generated by org.testng.reporters.JUnitReportReporter -->
<testsuite hostname="DESKTOP-40KB4FT" name="com.appium.redmi.Connectioncls" tests="1" failures="0" timestamp="8 Mar 2021 18:51:13 GMT" time="18.018" errors="0">
  <testcase name="connect" time="18.018" classname="com.appium.redmi.Connectioncls"/>
</testsuite> <!-- com.appium.redmi.Connectioncls -->
