<?xml version="1.0" encoding="UTF-8"?>
<!-- Generated by org.testng.reporters.JUnitReportReporter -->
<testsuite hostname="DESKTOP-40KB4FT" name="com.appium.redmi.Camera" tests="1" failures="0" timestamp="8 Mar 2021 17:24:13 GMT" time="15.397" errors="0">
  <testcase name="snap" time="15.397" classname="com.appium.redmi.Camera"/>
</testsuite> <!-- com.appium.redmi.Camera -->
