<?xml version="1.0" encoding="UTF-8"?>
<!-- Generated by org.testng.reporters.JUnitReportReporter -->
<testsuite hostname="DESKTOP-40KB4FT" name="com.appium.redmi.tolaunchbrowser" tests="1" failures="0" timestamp="9 Mar 2021 05:59:34 GMT" time="17.286" errors="0">
  <testcase name="chrome" time="17.286" classname="com.appium.redmi.tolaunchbrowser"/>
</testsuite> <!-- com.appium.redmi.tolaunchbrowser -->
