<?xml version="1.0" encoding="UTF-8"?>
<!-- Generated by org.testng.reporters.JUnitReportReporter -->
<testsuite hostname="DESKTOP-40KB4FT" name="com.appium.redmi.draganddrop" tests="1" failures="0" timestamp="8 Mar 2021 05:58:29 GMT" time="24.107" errors="0">
  <testcase name="Api_demos" time="24.107" classname="com.appium.redmi.draganddrop"/>
</testsuite> <!-- com.appium.redmi.draganddrop -->
