<?xml version="1.0" encoding="UTF-8"?>
<!-- Generated by org.testng.reporters.JUnitReportReporter -->
<testsuite hostname="DESKTOP-40KB4FT" name="com.appium.redmi.swicthtowebapp" tests="1" failures="0" timestamp="9 Mar 2021 12:04:36 GMT" time="38.243" errors="0">
  <testcase name="generalstore" time="38.243" classname="com.appium.redmi.swicthtowebapp"/>
</testsuite> <!-- com.appium.redmi.swicthtowebapp -->
