<?xml version="1.0" encoding="UTF-8"?>
<!-- Generated by org.testng.reporters.JUnitReportReporter -->
<testsuite hostname="DESKTOP-40KB4FT" name="com.appium.redmi.General_store" tests="1" failures="0" timestamp="9 Mar 2021 07:33:47 GMT" time="33.611" errors="0">
  <testcase name="sample" time="33.611" classname="com.appium.redmi.General_store"/>
</testsuite> <!-- com.appium.redmi.General_store -->
