<?xml version="1.0" encoding="UTF-8"?>
<!-- Generated by org.testng.reporters.JUnitReportReporter -->
<testsuite hostname="DESKTOP-40KB4FT" name="com.appium.redmi.Open_notification" tests="1" failures="0" timestamp="8 Mar 2021 17:25:47 GMT" time="15.143" errors="0">
  <testcase name="notification" time="15.143" classname="com.appium.redmi.Open_notification"/>
</testsuite> <!-- com.appium.redmi.Open_notification -->
