<?xml version="1.0" encoding="UTF-8"?>
<!-- Generated by org.testng.reporters.JUnitReportReporter -->
<testsuite hostname="DESKTOP-40KB4FT" name="com.appium.redmi.Calculator" tests="1" failures="0" timestamp="5 Mar 2021 08:17:27 GMT" time="23.359" errors="0">
  <testcase name="sample" time="23.359" classname="com.appium.redmi.Calculator"/>
</testsuite> <!-- com.appium.redmi.Calculator -->
