<?xml version="1.0" encoding="UTF-8"?>
<!-- Generated by org.testng.reporters.JUnitReportReporter -->
<testsuite hostname="DESKTOP-40KB4FT" name="com.appium.redmi.Sample" tests="1" failures="0" timestamp="8 Mar 2021 17:22:30 GMT" time="17.329" errors="0">
  <testcase name="spl" time="17.329" classname="com.appium.redmi.Sample"/>
</testsuite> <!-- com.appium.redmi.Sample -->
